<?xml version="1.0" encoding="UTF-8"?>
<!-- Generated by org.testng.reporters.JUnitReportReporter -->
<testsuite hostname="DESKTOP-SHORBUO" failures="0" tests="1" name="interview.home" time="4.910" errors="0" timestamp="2020-10-04T17:03:02 EET" skipped="0">
  <testcase classname="interview.home" name="main" time="4.910"/>
  <system-out/>
</testsuite> <!-- interview.home -->
